[0.321s] DEBUG:colcon:Command line arguments: ['/usr/bin/colcon', 'build']
[0.321s] DEBUG:colcon:Parsed command line arguments: Namespace(log_base=None, log_level=None, verb_name='build', build_base='build', install_base='install', merge_install=False, symlink_install=False, test_result_base=None, continue_on_error=False, executor='parallel', parallel_workers=8, event_handlers=None, ignore_user_meta=False, metas=['./colcon.meta'], base_paths=['.'], packages_ignore=None, packages_ignore_regex=None, paths=None, packages_up_to=None, packages_up_to_regex=None, packages_above=None, packages_above_and_dependencies=None, packages_above_depth=None, packages_select_by_dep=None, packages_skip_by_dep=None, packages_skip_up_to=None, packages_select_build_failed=False, packages_skip_build_finished=False, packages_select_test_failures=False, packages_skip_test_passed=False, packages_select=None, packages_skip=None, packages_select_regex=None, packages_skip_regex=None, packages_start=None, packages_end=None, allow_overriding=[], cmake_args=None, cmake_target=None, cmake_target_skip_unavailable=False, cmake_clean_cache=False, cmake_clean_first=False, cmake_force_configure=False, ament_cmake_args=None, catkin_cmake_args=None, catkin_skip_building_tests=False, verb_parser=<colcon_defaults.argument_parser.defaults.DefaultArgumentsDecorator object at 0x702ae7e36f80>, verb_extension=<colcon_core.verb.build.BuildVerb object at 0x702ae7e36a70>, main=<bound method BuildVerb.main of <colcon_core.verb.build.BuildVerb object at 0x702ae7e36a70>>)
[0.811s] Level 1:colcon.colcon_core.package_discovery:discover_packages(colcon_meta) check parameters
[0.811s] Level 1:colcon.colcon_core.package_discovery:discover_packages(recursive) check parameters
[0.811s] Level 1:colcon.colcon_core.package_discovery:discover_packages(ignore) check parameters
[0.811s] Level 1:colcon.colcon_core.package_discovery:discover_packages(path) check parameters
[0.811s] Level 1:colcon.colcon_core.package_discovery:discover_packages(colcon_meta) discover
[0.811s] Level 1:colcon.colcon_core.package_discovery:discover_packages(recursive) discover
[0.811s] INFO:colcon.colcon_core.package_discovery:Crawling recursively for packages in '/home/shreyas/my_talker_listener'
[0.812s] Level 1:colcon.colcon_core.package_identification:_identify(.) by extensions ['ignore', 'ignore_ament_install']
[0.812s] Level 1:colcon.colcon_core.package_identification:_identify(.) by extension 'ignore'
[0.812s] Level 1:colcon.colcon_core.package_identification:_identify(.) by extension 'ignore_ament_install'
[0.812s] Level 1:colcon.colcon_core.package_identification:_identify(.) by extensions ['colcon_pkg']
[0.812s] Level 1:colcon.colcon_core.package_identification:_identify(.) by extension 'colcon_pkg'
[0.812s] Level 1:colcon.colcon_core.package_identification:_identify(.) by extensions ['colcon_meta']
[0.812s] Level 1:colcon.colcon_core.package_identification:_identify(.) by extension 'colcon_meta'
[0.813s] Level 1:colcon.colcon_core.package_identification:_identify(.) by extensions ['ros']
[0.813s] Level 1:colcon.colcon_core.package_identification:_identify(.) by extension 'ros'
[0.846s] DEBUG:colcon.colcon_core.package_identification:Package '.' with type 'ros.ament_python' and name 'my_talker_listener'
[0.847s] Level 1:colcon.colcon_core.package_discovery:discover_packages(recursive) using defaults
[0.847s] Level 1:colcon.colcon_core.package_discovery:discover_packages(ignore) discover
[0.847s] Level 1:colcon.colcon_core.package_discovery:discover_packages(ignore) using defaults
[0.847s] Level 1:colcon.colcon_core.package_discovery:discover_packages(path) discover
[0.847s] Level 1:colcon.colcon_core.package_discovery:discover_packages(path) using defaults
[0.907s] Level 1:colcon.colcon_core.package_discovery:discover_packages(prefix_path) check parameters
[0.907s] Level 1:colcon.colcon_core.package_discovery:discover_packages(prefix_path) discover
[0.914s] DEBUG:colcon.colcon_installed_package_information.package_discovery:Found 271 installed packages in /opt/ros/humble
[0.920s] Level 1:colcon.colcon_core.package_discovery:discover_packages(prefix_path) using defaults
[1.044s] Level 5:colcon.colcon_core.verb:set package 'my_talker_listener' build argument 'cmake_args' from command line to 'None'
[1.044s] Level 5:colcon.colcon_core.verb:set package 'my_talker_listener' build argument 'cmake_target' from command line to 'None'
[1.044s] Level 5:colcon.colcon_core.verb:set package 'my_talker_listener' build argument 'cmake_target_skip_unavailable' from command line to 'False'
[1.044s] Level 5:colcon.colcon_core.verb:set package 'my_talker_listener' build argument 'cmake_clean_cache' from command line to 'False'
[1.044s] Level 5:colcon.colcon_core.verb:set package 'my_talker_listener' build argument 'cmake_clean_first' from command line to 'False'
[1.044s] Level 5:colcon.colcon_core.verb:set package 'my_talker_listener' build argument 'cmake_force_configure' from command line to 'False'
[1.044s] Level 5:colcon.colcon_core.verb:set package 'my_talker_listener' build argument 'ament_cmake_args' from command line to 'None'
[1.044s] Level 5:colcon.colcon_core.verb:set package 'my_talker_listener' build argument 'catkin_cmake_args' from command line to 'None'
[1.044s] Level 5:colcon.colcon_core.verb:set package 'my_talker_listener' build argument 'catkin_skip_building_tests' from command line to 'False'
[1.044s] DEBUG:colcon.colcon_core.verb:Building package 'my_talker_listener' with the following arguments: {'ament_cmake_args': None, 'build_base': '/home/shreyas/my_talker_listener/build/my_talker_listener', 'catkin_cmake_args': None, 'catkin_skip_building_tests': False, 'cmake_args': None, 'cmake_clean_cache': False, 'cmake_clean_first': False, 'cmake_force_configure': False, 'cmake_target': None, 'cmake_target_skip_unavailable': False, 'install_base': '/home/shreyas/my_talker_listener/install/my_talker_listener', 'merge_install': False, 'path': '/home/shreyas/my_talker_listener', 'symlink_install': False, 'test_result_base': None}
[1.044s] INFO:colcon.colcon_core.executor:Executing jobs using 'parallel' executor
[1.047s] DEBUG:colcon.colcon_parallel_executor.executor.parallel:run_until_complete
[1.047s] INFO:colcon.colcon_ros.task.ament_python.build:Building ROS package in '/home/shreyas/my_talker_listener' with build type 'ament_python'
[1.047s] Level 1:colcon.colcon_core.shell:create_environment_hook('my_talker_listener', 'ament_prefix_path')
[1.056s] INFO:colcon.colcon_core.plugin_system:Skipping extension 'colcon_core.shell.bat': Not used on non-Windows systems
[1.056s] INFO:colcon.colcon_core.shell:Creating environment hook '/home/shreyas/my_talker_listener/install/my_talker_listener/share/my_talker_listener/hook/ament_prefix_path.ps1'
[1.058s] INFO:colcon.colcon_core.shell:Creating environment descriptor '/home/shreyas/my_talker_listener/install/my_talker_listener/share/my_talker_listener/hook/ament_prefix_path.dsv'
[1.060s] INFO:colcon.colcon_core.shell:Creating environment hook '/home/shreyas/my_talker_listener/install/my_talker_listener/share/my_talker_listener/hook/ament_prefix_path.sh'
[1.062s] INFO:colcon.colcon_core.shell:Skip shell extension 'powershell' for command environment: Not usable outside of PowerShell
[1.062s] DEBUG:colcon.colcon_core.shell:Skip shell extension 'dsv' for command environment
[1.647s] INFO:colcon.colcon_core.task.python.build:Building Python package in '/home/shreyas/my_talker_listener'
[1.648s] INFO:colcon.colcon_core.shell:Skip shell extension 'powershell' for command environment: Not usable outside of PowerShell
[1.648s] DEBUG:colcon.colcon_core.shell:Skip shell extension 'dsv' for command environment
[2.462s] DEBUG:colcon.colcon_core.event_handler.log_command:Invoking command in '/home/shreyas/my_talker_listener': PYTHONPATH=/home/shreyas/my_talker_listener/build/my_talker_listener/prefix_override:/usr/lib/python3/dist-packages/colcon_core/task/python/colcon_distutils_commands:/home/shreyas/my_talker_listener/install/my_talker_listener/lib/python3.10/site-packages:${PYTHONPATH} /usr/bin/python3 -W ignore:setup.py install is deprecated -W ignore:easy_install command is deprecated setup.py egg_info --egg-base build/my_talker_listener build --build-base /home/shreyas/my_talker_listener/build/my_talker_listener/build install --record /home/shreyas/my_talker_listener/build/my_talker_listener/install.log --single-version-externally-managed install_data
[3.140s] DEBUG:colcon.colcon_core.event_handler.log_command:Invoked command in '/home/shreyas/my_talker_listener' returned '0': PYTHONPATH=/home/shreyas/my_talker_listener/build/my_talker_listener/prefix_override:/usr/lib/python3/dist-packages/colcon_core/task/python/colcon_distutils_commands:/home/shreyas/my_talker_listener/install/my_talker_listener/lib/python3.10/site-packages:${PYTHONPATH} /usr/bin/python3 -W ignore:setup.py install is deprecated -W ignore:easy_install command is deprecated setup.py egg_info --egg-base build/my_talker_listener build --build-base /home/shreyas/my_talker_listener/build/my_talker_listener/build install --record /home/shreyas/my_talker_listener/build/my_talker_listener/install.log --single-version-externally-managed install_data
[3.150s] Level 1:colcon.colcon_core.environment:checking '/home/shreyas/my_talker_listener/install/my_talker_listener' for CMake module files
[3.151s] Level 1:colcon.colcon_core.environment:checking '/home/shreyas/my_talker_listener/install/my_talker_listener' for CMake config files
[3.152s] Level 1:colcon.colcon_core.environment:checking '/home/shreyas/my_talker_listener/install/my_talker_listener/lib'
[3.153s] Level 1:colcon.colcon_core.environment:checking '/home/shreyas/my_talker_listener/install/my_talker_listener/bin'
[3.153s] Level 1:colcon.colcon_core.environment:checking '/home/shreyas/my_talker_listener/install/my_talker_listener/lib/pkgconfig/my_talker_listener.pc'
[3.153s] Level 1:colcon.colcon_core.environment:checking '/home/shreyas/my_talker_listener/install/my_talker_listener/lib/python3.10/site-packages'
[3.153s] Level 1:colcon.colcon_core.shell:create_environment_hook('my_talker_listener', 'pythonpath')
[3.154s] INFO:colcon.colcon_core.shell:Creating environment hook '/home/shreyas/my_talker_listener/install/my_talker_listener/share/my_talker_listener/hook/pythonpath.ps1'
[3.155s] INFO:colcon.colcon_core.shell:Creating environment descriptor '/home/shreyas/my_talker_listener/install/my_talker_listener/share/my_talker_listener/hook/pythonpath.dsv'
[3.156s] INFO:colcon.colcon_core.shell:Creating environment hook '/home/shreyas/my_talker_listener/install/my_talker_listener/share/my_talker_listener/hook/pythonpath.sh'
[3.157s] Level 1:colcon.colcon_core.environment:checking '/home/shreyas/my_talker_listener/install/my_talker_listener/bin'
[3.157s] Level 1:colcon.colcon_core.environment:create_environment_scripts_only(my_talker_listener)
[3.158s] INFO:colcon.colcon_core.shell:Creating package script '/home/shreyas/my_talker_listener/install/my_talker_listener/share/my_talker_listener/package.ps1'
[3.160s] INFO:colcon.colcon_core.shell:Creating package descriptor '/home/shreyas/my_talker_listener/install/my_talker_listener/share/my_talker_listener/package.dsv'
[3.161s] INFO:colcon.colcon_core.shell:Creating package script '/home/shreyas/my_talker_listener/install/my_talker_listener/share/my_talker_listener/package.sh'
[3.163s] INFO:colcon.colcon_core.shell:Creating package script '/home/shreyas/my_talker_listener/install/my_talker_listener/share/my_talker_listener/package.bash'
[3.165s] INFO:colcon.colcon_core.shell:Creating package script '/home/shreyas/my_talker_listener/install/my_talker_listener/share/my_talker_listener/package.zsh'
[3.168s] Level 1:colcon.colcon_core.environment:create_file_with_runtime_dependencies(/home/shreyas/my_talker_listener/install/my_talker_listener/share/colcon-core/packages/my_talker_listener)
[3.169s] DEBUG:colcon.colcon_parallel_executor.executor.parallel:closing loop
[3.169s] DEBUG:colcon.colcon_parallel_executor.executor.parallel:loop closed
[3.170s] DEBUG:colcon.colcon_parallel_executor.executor.parallel:run_until_complete finished with '0'
[3.170s] DEBUG:colcon.colcon_core.event_reactor:joining thread
[3.181s] INFO:colcon.colcon_core.plugin_system:Skipping extension 'colcon_notification.desktop_notification.terminal_notifier': Not used on non-Darwin systems
[3.182s] INFO:colcon.colcon_core.plugin_system:Skipping extension 'colcon_notification.desktop_notification.win32': Not used on non-Windows systems
[3.182s] INFO:colcon.colcon_notification.desktop_notification:Sending desktop notification using 'notify2'
[3.202s] DEBUG:colcon.colcon_core.event_reactor:joined thread
[3.203s] INFO:colcon.colcon_core.shell:Creating prefix script '/home/shreyas/my_talker_listener/install/local_setup.ps1'
[3.205s] INFO:colcon.colcon_core.shell:Creating prefix util module '/home/shreyas/my_talker_listener/install/_local_setup_util_ps1.py'
[3.209s] INFO:colcon.colcon_core.shell:Creating prefix chain script '/home/shreyas/my_talker_listener/install/setup.ps1'
[3.212s] INFO:colcon.colcon_core.shell:Creating prefix script '/home/shreyas/my_talker_listener/install/local_setup.sh'
[3.213s] INFO:colcon.colcon_core.shell:Creating prefix util module '/home/shreyas/my_talker_listener/install/_local_setup_util_sh.py'
[3.214s] INFO:colcon.colcon_core.shell:Creating prefix chain script '/home/shreyas/my_talker_listener/install/setup.sh'
[3.217s] INFO:colcon.colcon_core.shell:Creating prefix script '/home/shreyas/my_talker_listener/install/local_setup.bash'
[3.218s] INFO:colcon.colcon_core.shell:Creating prefix chain script '/home/shreyas/my_talker_listener/install/setup.bash'
[3.220s] INFO:colcon.colcon_core.shell:Creating prefix script '/home/shreyas/my_talker_listener/install/local_setup.zsh'
[3.222s] INFO:colcon.colcon_core.shell:Creating prefix chain script '/home/shreyas/my_talker_listener/install/setup.zsh'
