running egg_info
creating build/my_talker_listener/my_talker_listener.egg-info
writing build/my_talker_listener/my_talker_listener.egg-info/PKG-INFO
writing dependency_links to build/my_talker_listener/my_talker_listener.egg-info/dependency_links.txt
writing entry points to build/my_talker_listener/my_talker_listener.egg-info/entry_points.txt
writing requirements to build/my_talker_listener/my_talker_listener.egg-info/requires.txt
writing top-level names to build/my_talker_listener/my_talker_listener.egg-info/top_level.txt
writing manifest file 'build/my_talker_listener/my_talker_listener.egg-info/SOURCES.txt'
reading manifest file 'build/my_talker_listener/my_talker_listener.egg-info/SOURCES.txt'
writing manifest file 'build/my_talker_listener/my_talker_listener.egg-info/SOURCES.txt'
running build
running build_py
creating /home/shreyas/my_talker_listener/build/my_talker_listener/build
creating /home/shreyas/my_talker_listener/build/my_talker_listener/build/lib
creating /home/shreyas/my_talker_listener/build/my_talker_listener/build/lib/my_talker_listener
copying my_talker_listener/__init__.py -> /home/shreyas/my_talker_listener/build/my_talker_listener/build/lib/my_talker_listener
running install
running install_lib
creating /home/shreyas/my_talker_listener/install/my_talker_listener/lib/python3.10/site-packages/my_talker_listener
copying /home/shreyas/my_talker_listener/build/my_talker_listener/build/lib/my_talker_listener/__init__.py -> /home/shreyas/my_talker_listener/install/my_talker_listener/lib/python3.10/site-packages/my_talker_listener
byte-compiling /home/shreyas/my_talker_listener/install/my_talker_listener/lib/python3.10/site-packages/my_talker_listener/__init__.py to __init__.cpython-310.pyc
running install_data
creating /home/shreyas/my_talker_listener/install/my_talker_listener/share/ament_index
creating /home/shreyas/my_talker_listener/install/my_talker_listener/share/ament_index/resource_index
creating /home/shreyas/my_talker_listener/install/my_talker_listener/share/ament_index/resource_index/packages
copying resource/my_talker_listener -> /home/shreyas/my_talker_listener/install/my_talker_listener/share/ament_index/resource_index/packages
copying package.xml -> /home/shreyas/my_talker_listener/install/my_talker_listener/share/my_talker_listener
running install_egg_info
Copying build/my_talker_listener/my_talker_listener.egg-info to /home/shreyas/my_talker_listener/install/my_talker_listener/lib/python3.10/site-packages/my_talker_listener-0.0.0-py3.10.egg-info
running install_scripts
writing list of installed files to '/home/shreyas/my_talker_listener/build/my_talker_listener/install.log'
