[1.414s] Invoking command in '/home/shreyas/my_talker_listener': PYTHONPATH=/home/shreyas/my_talker_listener/build/my_talker_listener/prefix_override:/usr/lib/python3/dist-packages/colcon_core/task/python/colcon_distutils_commands:/home/shreyas/my_talker_listener/install/my_talker_listener/lib/python3.10/site-packages:${PYTHONPATH} /usr/bin/python3 -W ignore:setup.py install is deprecated -W ignore:easy_install command is deprecated setup.py egg_info --egg-base build/my_talker_listener build --build-base /home/shreyas/my_talker_listener/build/my_talker_listener/build install --record /home/shreyas/my_talker_listener/build/my_talker_listener/install.log --single-version-externally-managed install_data
[1.958s] running egg_info
[1.959s] creating build/my_talker_listener/my_talker_listener.egg-info
[1.959s] writing build/my_talker_listener/my_talker_listener.egg-info/PKG-INFO
[1.960s] writing dependency_links to build/my_talker_listener/my_talker_listener.egg-info/dependency_links.txt
[1.960s] writing entry points to build/my_talker_listener/my_talker_listener.egg-info/entry_points.txt
[1.961s] writing requirements to build/my_talker_listener/my_talker_listener.egg-info/requires.txt
[1.961s] writing top-level names to build/my_talker_listener/my_talker_listener.egg-info/top_level.txt
[1.961s] writing manifest file 'build/my_talker_listener/my_talker_listener.egg-info/SOURCES.txt'
[1.965s] reading manifest file 'build/my_talker_listener/my_talker_listener.egg-info/SOURCES.txt'
[1.967s] writing manifest file 'build/my_talker_listener/my_talker_listener.egg-info/SOURCES.txt'
[1.968s] running build
[1.968s] running build_py
[1.968s] creating /home/shreyas/my_talker_listener/build/my_talker_listener/build
[1.968s] creating /home/shreyas/my_talker_listener/build/my_talker_listener/build/lib
[1.968s] creating /home/shreyas/my_talker_listener/build/my_talker_listener/build/lib/my_talker_listener
[1.969s] copying my_talker_listener/__init__.py -> /home/shreyas/my_talker_listener/build/my_talker_listener/build/lib/my_talker_listener
[1.969s] running install
[1.969s] running install_lib
[1.971s] creating /home/shreyas/my_talker_listener/install/my_talker_listener/lib/python3.10/site-packages/my_talker_listener
[1.972s] copying /home/shreyas/my_talker_listener/build/my_talker_listener/build/lib/my_talker_listener/__init__.py -> /home/shreyas/my_talker_listener/install/my_talker_listener/lib/python3.10/site-packages/my_talker_listener
[1.972s] byte-compiling /home/shreyas/my_talker_listener/install/my_talker_listener/lib/python3.10/site-packages/my_talker_listener/__init__.py to __init__.cpython-310.pyc
[1.973s] running install_data
[1.973s] creating /home/shreyas/my_talker_listener/install/my_talker_listener/share/ament_index
[1.974s] creating /home/shreyas/my_talker_listener/install/my_talker_listener/share/ament_index/resource_index
[1.974s] creating /home/shreyas/my_talker_listener/install/my_talker_listener/share/ament_index/resource_index/packages
[1.974s] copying resource/my_talker_listener -> /home/shreyas/my_talker_listener/install/my_talker_listener/share/ament_index/resource_index/packages
[1.974s] copying package.xml -> /home/shreyas/my_talker_listener/install/my_talker_listener/share/my_talker_listener
[1.974s] running install_egg_info
[1.979s] Copying build/my_talker_listener/my_talker_listener.egg-info to /home/shreyas/my_talker_listener/install/my_talker_listener/lib/python3.10/site-packages/my_talker_listener-0.0.0-py3.10.egg-info
[1.981s] running install_scripts
[2.030s] writing list of installed files to '/home/shreyas/my_talker_listener/build/my_talker_listener/install.log'
[2.092s] Invoked command in '/home/shreyas/my_talker_listener' returned '0': PYTHONPATH=/home/shreyas/my_talker_listener/build/my_talker_listener/prefix_override:/usr/lib/python3/dist-packages/colcon_core/task/python/colcon_distutils_commands:/home/shreyas/my_talker_listener/install/my_talker_listener/lib/python3.10/site-packages:${PYTHONPATH} /usr/bin/python3 -W ignore:setup.py install is deprecated -W ignore:easy_install command is deprecated setup.py egg_info --egg-base build/my_talker_listener build --build-base /home/shreyas/my_talker_listener/build/my_talker_listener/build install --record /home/shreyas/my_talker_listener/build/my_talker_listener/install.log --single-version-externally-managed install_data
